<?xml version="1.0" encoding="UTF-8"?>
<testng-results skipped="0" failed="0" ignored="0" total="1" passed="1">
  <reporter-output>
    <line>
      <![CDATA[Verify the signup page]]>
    </line>
  </reporter-output>
  <suite name="Default suite" duration-ms="35165" started-at="2023-01-11T20:39:59 EST" finished-at="2023-01-11T20:40:34 EST">
    <groups>
    </groups>
    <test name="Default test" duration-ms="35165" started-at="2023-01-11T20:39:59 EST" finished-at="2023-01-11T20:40:34 EST">
      <class name="pagesTest.SignupPageTest">
        <test-method status="PASS" signature="setupEnviornment()[pri:0, instance:pagesTest.SignupPageTest@52f759d7]" name="setupEnviornment" is-config="true" duration-ms="31078" started-at="2023-01-11T20:39:59 EST" finished-at="2023-01-11T20:40:30 EST">
          <reporter-output>
          </reporter-output>
        </test-method> <!-- setupEnviornment -->
        <test-method status="PASS" signature="signupPage()[pri:0, instance:pagesTest.SignupPageTest@52f759d7]" name="signupPage" duration-ms="4047" started-at="2023-01-11T20:40:30 EST" description="Verify the Sign up Page" finished-at="2023-01-11T20:40:34 EST">
          <reporter-output>
            <line>
              <![CDATA[Verify the signup page]]>
            </line>
          </reporter-output>
        </test-method> <!-- signupPage -->
        <test-method status="PASS" signature="teardown()[pri:0, instance:pagesTest.SignupPageTest@52f759d7]" name="teardown" is-config="true" duration-ms="1" started-at="2023-01-11T20:40:34 EST" finished-at="2023-01-11T20:40:34 EST">
          <reporter-output>
          </reporter-output>
        </test-method> <!-- teardown -->
      </class> <!-- pagesTest.SignupPageTest -->
    </test> <!-- Default test -->
  </suite> <!-- Default suite -->
</testng-results>
